android/app/build/intermediates/manifest_merge_blame_file/debug/processDebugMainManifest/manifest-merger-blame-debug-report.txt
1<?xml version="1.0" encoding="utf-8"?>
2<manifest xmlns:android="http://schemas.android.com/apk/res/android"
3    package="com.lohaggo.app"
4    android:versionCode="1"
5    android:versionName="1.0" >
6
7    <uses-sdk
8        android:minSdkVersion="24"
9        android:targetSdkVersion="36" />
10
11    <!-- Permissions -->
12
13    <uses-permission android:name="android.permission.INTERNET" />
13-->src/main/AndroidManifest.xml:34:5-67
13-->src/main/AndroidManifest.xml:34:22-64
14    <uses-permission android:name="android.permission.ACCESS_NETWORK_STATE" />
14-->src/main/AndroidManifest.xml:35:5-79
14-->src/main/AndroidManifest.xml:35:22-76
15    <uses-permission android:name="android.permission.ACCESS_FINE_LOCATION" />
15-->src/main/AndroidManifest.xml:36:5-79
15-->src/main/AndroidManifest.xml:36:22-76
16    <uses-permission android:name="android.permission.ACCESS_COARSE_LOCATION" />
16-->src/main/AndroidManifest.xml:37:5-81
16-->src/main/AndroidManifest.xml:37:22-78
17    <uses-permission android:name="android.permission.CAMERA" />
17-->src/main/AndroidManifest.xml:38:5-65
17-->src/main/AndroidManifest.xml:38:22-62
18    <uses-permission android:name="android.permission.READ_EXTERNAL_STORAGE" />
18-->src/main/AndroidManifest.xml:39:5-80
18-->src/main/AndroidManifest.xml:39:22-77
19    <uses-permission
19-->src/main/AndroidManifest.xml:40:5-108
20        android:name="android.permission.WRITE_EXTERNAL_STORAGE"
20-->src/main/AndroidManifest.xml:40:22-78
21        android:maxSdkVersion="32" />
21-->src/main/AndroidManifest.xml:40:79-105
22    <uses-permission android:name="android.permission.READ_MEDIA_IMAGES" />
22-->src/main/AndroidManifest.xml:41:5-76
22-->src/main/AndroidManifest.xml:41:22-73
23    <uses-permission android:name="android.permission.VIBRATE" />
23-->src/main/AndroidManifest.xml:42:5-66
23-->src/main/AndroidManifest.xml:42:22-63
24
25    <uses-feature
25-->src/main/AndroidManifest.xml:44:5-85
26        android:name="android.hardware.camera"
26-->src/main/AndroidManifest.xml:44:19-57
27        android:required="false" />
27-->src/main/AndroidManifest.xml:44:58-82
28    <uses-feature
28-->src/main/AndroidManifest.xml:45:5-91
29        android:name="android.hardware.location.gps"
29-->src/main/AndroidManifest.xml:45:19-63
30        android:required="false" />
30-->src/main/AndroidManifest.xml:45:64-88
31
32    <queries>
32-->[:capacitor-camera] AndroidManifest.xml:7:5-11:15
33        <intent>
33-->[:capacitor-camera] AndroidManifest.xml:8:9-10:18
34            <action android:name="android.media.action.IMAGE_CAPTURE" />
34-->[:capacitor-camera] AndroidManifest.xml:9:13-73
34-->[:capacitor-camera] AndroidManifest.xml:9:21-70
35        </intent>
36    </queries>
37
38    <uses-permission android:name="android.permission.POST_NOTIFICATIONS" />
38-->[com.google.firebase:firebase-messaging:25.0.1] AndroidManifest.xml:23:5-77
38-->[com.google.firebase:firebase-messaging:25.0.1] AndroidManifest.xml:23:22-74
39    <uses-permission android:name="android.permission.WAKE_LOCK" /> <!-- Required by older versions of Google Play services to create IID tokens -->
39-->[com.google.firebase:firebase-messaging:25.0.1] AndroidManifest.xml:24:5-68
39-->[com.google.firebase:firebase-messaging:25.0.1] AndroidManifest.xml:24:22-65
40    <uses-permission android:name="com.google.android.c2dm.permission.RECEIVE" />
40-->[com.google.firebase:firebase-messaging:25.0.1] AndroidManifest.xml:26:5-82
40-->[com.google.firebase:firebase-messaging:25.0.1] AndroidManifest.xml:26:22-79
41
42    <permission
42-->[androidx.core:core:1.17.0] AndroidManifest.xml:22:5-24:47
43        android:name="com.lohaggo.app.DYNAMIC_RECEIVER_NOT_EXPORTED_PERMISSION"
43-->[androidx.core:core:1.17.0] AndroidManifest.xml:23:9-81
44        android:protectionLevel="signature" />
44-->[androidx.core:core:1.17.0] AndroidManifest.xml:24:9-44
45
46    <uses-permission android:name="com.lohaggo.app.DYNAMIC_RECEIVER_NOT_EXPORTED_PERMISSION" />
46-->[androidx.core:core:1.17.0] AndroidManifest.xml:26:5-97
46-->[androidx.core:core:1.17.0] AndroidManifest.xml:26:22-94
47
48    <application
48-->src/main/AndroidManifest.xml:3:5-30:19
49        android:allowBackup="true"
49-->src/main/AndroidManifest.xml:4:9-35
50        android:appComponentFactory="androidx.core.app.CoreComponentFactory"
50-->[androidx.core:core:1.17.0] AndroidManifest.xml:28:18-86
51        android:debuggable="true"
52        android:extractNativeLibs="false"
53        android:icon="@mipmap/ic_launcher"
53-->src/main/AndroidManifest.xml:5:9-43
54        android:label="@string/app_name"
54-->src/main/AndroidManifest.xml:6:9-41
55        android:roundIcon="@mipmap/ic_launcher_round"
55-->src/main/AndroidManifest.xml:7:9-54
56        android:supportsRtl="true"
56-->src/main/AndroidManifest.xml:8:9-35
57        android:testOnly="true"
58        android:theme="@style/AppTheme" >
58-->src/main/AndroidManifest.xml:9:9-40
59        <activity
59-->src/main/AndroidManifest.xml:10:9-21:20
60            android:name="com.lohaggo.app.MainActivity"
60-->src/main/AndroidManifest.xml:12:13-41
61            android:configChanges="orientation|keyboardHidden|keyboard|screenSize|locale|smallestScreenSize|screenLayout|uiMode|navigation|density"
61-->src/main/AndroidManifest.xml:11:13-148
62            android:exported="true"
62-->src/main/AndroidManifest.xml:16:13-36
63            android:label="@string/title_activity_main"
63-->src/main/AndroidManifest.xml:13:13-56
64            android:launchMode="singleTask"
64-->src/main/AndroidManifest.xml:15:13-44
65            android:theme="@style/AppTheme.NoActionBarLaunch" >
65-->src/main/AndroidManifest.xml:14:13-62
66            <intent-filter>
66-->src/main/AndroidManifest.xml:17:13-20:29
67                <action android:name="android.intent.action.MAIN" />
67-->src/main/AndroidManifest.xml:18:17-69
67-->src/main/AndroidManifest.xml:18:25-66
68
69                <category android:name="android.intent.category.LAUNCHER" />
69-->src/main/AndroidManifest.xml:19:17-77
69-->src/main/AndroidManifest.xml:19:27-74
70            </intent-filter>
71        </activity>
72
73        <provider
74            android:name="androidx.core.content.FileProvider"
74-->src/main/AndroidManifest.xml:24:13-62
75            android:authorities="com.lohaggo.app.fileprovider"
75-->src/main/AndroidManifest.xml:25:13-64
76            android:exported="false"
76-->src/main/AndroidManifest.xml:26:13-37
77            android:grantUriPermissions="true" >
77-->src/main/AndroidManifest.xml:27:13-47
78            <meta-data
78-->src/main/AndroidManifest.xml:28:13-112
79                android:name="android.support.FILE_PROVIDER_PATHS"
79-->src/main/AndroidManifest.xml:28:24-74
80                android:resource="@xml/file_paths" />
80-->src/main/AndroidManifest.xml:28:75-109
81        </provider>
82
83        <service
83-->[:capacitor-push-notifications] AndroidManifest.xml:8:9-14:19
84            android:name="com.capacitorjs.plugins.pushnotifications.MessagingService"
84-->[:capacitor-push-notifications] AndroidManifest.xml:9:13-86
85            android:exported="false" >
85-->[:capacitor-push-notifications] AndroidManifest.xml:10:13-37
86            <intent-filter>
86-->[:capacitor-push-notifications] AndroidManifest.xml:11:13-13:29
87                <action android:name="com.google.firebase.MESSAGING_EVENT" />
87-->[:capacitor-push-notifications] AndroidManifest.xml:12:17-78
87-->[:capacitor-push-notifications] AndroidManifest.xml:12:25-75
88            </intent-filter>
89        </service>
90
91        <receiver
91-->[com.google.firebase:firebase-messaging:25.0.1] AndroidManifest.xml:29:9-40:20
92            android:name="com.google.firebase.iid.FirebaseInstanceIdReceiver"
92-->[com.google.firebase:firebase-messaging:25.0.1] AndroidManifest.xml:30:13-78
93            android:exported="true"
93-->[com.google.firebase:firebase-messaging:25.0.1] AndroidManifest.xml:31:13-36
94            android:permission="com.google.android.c2dm.permission.SEND" >
94-->[com.google.firebase:firebase-messaging:25.0.1] AndroidManifest.xml:32:13-73
95            <intent-filter>
95-->[com.google.firebase:firebase-messaging:25.0.1] AndroidManifest.xml:33:13-35:29
96                <action android:name="com.google.android.c2dm.intent.RECEIVE" />
96-->[com.google.firebase:firebase-messaging:25.0.1] AndroidManifest.xml:34:17-81
96-->[com.google.firebase:firebase-messaging:25.0.1] AndroidManifest.xml:34:25-78
97            </intent-filter>
98
99            <meta-data
99-->[com.google.firebase:firebase-messaging:25.0.1] AndroidManifest.xml:37:13-39:40
100                android:name="com.google.android.gms.cloudmessaging.FINISHED_AFTER_HANDLED"
100-->[com.google.firebase:firebase-messaging:25.0.1] AndroidManifest.xml:38:17-92
101                android:value="true" />
101-->[com.google.firebase:firebase-messaging:25.0.1] AndroidManifest.xml:39:17-37
102        </receiver>
103        <!--
104             FirebaseMessagingService performs security checks at runtime,
105             but set to not exported to explicitly avoid allowing another app to call it.
106        -->
107        <service
107-->[com.google.firebase:firebase-messaging:25.0.1] AndroidManifest.xml:46:9-53:19
108            android:name="com.google.firebase.messaging.FirebaseMessagingService"
108-->[com.google.firebase:firebase-messaging:25.0.1] AndroidManifest.xml:47:13-82
109            android:directBootAware="true"
109-->[com.google.firebase:firebase-messaging:25.0.1] AndroidManifest.xml:48:13-43
110            android:exported="false" >
110-->[com.google.firebase:firebase-messaging:25.0.1] AndroidManifest.xml:49:13-37
111            <intent-filter android:priority="-500" >
111-->[:capacitor-push-notifications] AndroidManifest.xml:11:13-13:29
112                <action android:name="com.google.firebase.MESSAGING_EVENT" />
112-->[:capacitor-push-notifications] AndroidManifest.xml:12:17-78
112-->[:capacitor-push-notifications] AndroidManifest.xml:12:25-75
113            </intent-filter>
114        </service>
115        <service
115-->[com.google.firebase:firebase-messaging:25.0.1] AndroidManifest.xml:54:9-63:19
116            android:name="com.google.firebase.components.ComponentDiscoveryService"
116-->[com.google.firebase:firebase-messaging:25.0.1] AndroidManifest.xml:55:13-84
117            android:directBootAware="true"
117-->[com.google.firebase:firebase-common:22.0.1] AndroidManifest.xml:32:13-43
118            android:exported="false" >
118-->[com.google.firebase:firebase-messaging:25.0.1] AndroidManifest.xml:56:13-37
119            <meta-data
119-->[com.google.firebase:firebase-messaging:25.0.1] AndroidManifest.xml:57:13-59:85
120                android:name="com.google.firebase.components:com.google.firebase.messaging.FirebaseMessagingKtxRegistrar"
120-->[com.google.firebase:firebase-messaging:25.0.1] AndroidManifest.xml:58:17-122
121                android:value="com.google.firebase.components.ComponentRegistrar" />
121-->[com.google.firebase:firebase-messaging:25.0.1] AndroidManifest.xml:59:17-82
122            <meta-data
122-->[com.google.firebase:firebase-messaging:25.0.1] AndroidManifest.xml:60:13-62:85
123                android:name="com.google.firebase.components:com.google.firebase.messaging.FirebaseMessagingRegistrar"
123-->[com.google.firebase:firebase-messaging:25.0.1] AndroidManifest.xml:61:17-119
124                android:value="com.google.firebase.components.ComponentRegistrar" />
124-->[com.google.firebase:firebase-messaging:25.0.1] AndroidManifest.xml:62:17-82
125            <meta-data
125-->[com.google.firebase:firebase-installations:18.0.0] AndroidManifest.xml:15:13-17:85
126                android:name="com.google.firebase.components:com.google.firebase.installations.FirebaseInstallationsKtxRegistrar"
126-->[com.google.firebase:firebase-installations:18.0.0] AndroidManifest.xml:16:17-130
127                android:value="com.google.firebase.components.ComponentRegistrar" />
127-->[com.google.firebase:firebase-installations:18.0.0] AndroidManifest.xml:17:17-82
128            <meta-data
128-->[com.google.firebase:firebase-installations:18.0.0] AndroidManifest.xml:18:13-20:85
129                android:name="com.google.firebase.components:com.google.firebase.installations.FirebaseInstallationsRegistrar"
129-->[com.google.firebase:firebase-installations:18.0.0] AndroidManifest.xml:19:17-127
130                android:value="com.google.firebase.components.ComponentRegistrar" />
130-->[com.google.firebase:firebase-installations:18.0.0] AndroidManifest.xml:20:17-82
131            <meta-data
131-->[com.google.firebase:firebase-common:22.0.1] AndroidManifest.xml:35:13-37:85
132                android:name="com.google.firebase.components:com.google.firebase.FirebaseCommonKtxRegistrar"
132-->[com.google.firebase:firebase-common:22.0.1] AndroidManifest.xml:36:17-109
133                android:value="com.google.firebase.components.ComponentRegistrar" />
133-->[com.google.firebase:firebase-common:22.0.1] AndroidManifest.xml:37:17-82
134            <meta-data
134-->[com.google.firebase:firebase-datatransport:18.2.0] AndroidManifest.xml:25:13-27:85
135                android:name="com.google.firebase.components:com.google.firebase.datatransport.TransportRegistrar"
135-->[com.google.firebase:firebase-datatransport:18.2.0] AndroidManifest.xml:26:17-115
136                android:value="com.google.firebase.components.ComponentRegistrar" />
136-->[com.google.firebase:firebase-datatransport:18.2.0] AndroidManifest.xml:27:17-82
137        </service>
138
139        <activity
139-->[com.google.android.gms:play-services-base:18.5.0] AndroidManifest.xml:5:9-173
140            android:name="com.google.android.gms.common.api.GoogleApiActivity"
140-->[com.google.android.gms:play-services-base:18.5.0] AndroidManifest.xml:5:19-85
141            android:exported="false"
141-->[com.google.android.gms:play-services-base:18.5.0] AndroidManifest.xml:5:146-170
142            android:theme="@android:style/Theme.Translucent.NoTitleBar" />
142-->[com.google.android.gms:play-services-base:18.5.0] AndroidManifest.xml:5:86-145
143
144        <provider
144-->[androidx.emoji2:emoji2:1.3.0] AndroidManifest.xml:24:9-32:20
145            android:name="androidx.startup.InitializationProvider"
145-->[androidx.emoji2:emoji2:1.3.0] AndroidManifest.xml:25:13-67
146            android:authorities="com.lohaggo.app.androidx-startup"
146-->[androidx.emoji2:emoji2:1.3.0] AndroidManifest.xml:26:13-68
147            android:exported="false" >
147-->[androidx.emoji2:emoji2:1.3.0] AndroidManifest.xml:27:13-37
148            <meta-data
148-->[androidx.emoji2:emoji2:1.3.0] AndroidManifest.xml:29:13-31:52
149                android:name="androidx.emoji2.text.EmojiCompatInitializer"
149-->[androidx.emoji2:emoji2:1.3.0] AndroidManifest.xml:30:17-75
150                android:value="androidx.startup" />
150-->[androidx.emoji2:emoji2:1.3.0] AndroidManifest.xml:31:17-49
151            <meta-data
151-->[androidx.lifecycle:lifecycle-process:2.6.2] AndroidManifest.xml:29:13-31:52
152                android:name="androidx.lifecycle.ProcessLifecycleInitializer"
152-->[androidx.lifecycle:lifecycle-process:2.6.2] AndroidManifest.xml:30:17-78
153                android:value="androidx.startup" />
153-->[androidx.lifecycle:lifecycle-process:2.6.2] AndroidManifest.xml:31:17-49
154            <meta-data
154-->[androidx.profileinstaller:profileinstaller:1.4.0] AndroidManifest.xml:29:13-31:52
155                android:name="androidx.profileinstaller.ProfileInstallerInitializer"
155-->[androidx.profileinstaller:profileinstaller:1.4.0] AndroidManifest.xml:30:17-85
156                android:value="androidx.startup" />
156-->[androidx.profileinstaller:profileinstaller:1.4.0] AndroidManifest.xml:31:17-49
157        </provider>
158        <provider
158-->[com.google.firebase:firebase-common:22.0.1] AndroidManifest.xml:23:9-28:39
159            android:name="com.google.firebase.provider.FirebaseInitProvider"
159-->[com.google.firebase:firebase-common:22.0.1] AndroidManifest.xml:24:13-77
160            android:authorities="com.lohaggo.app.firebaseinitprovider"
160-->[com.google.firebase:firebase-common:22.0.1] AndroidManifest.xml:25:13-72
161            android:directBootAware="true"
161-->[com.google.firebase:firebase-common:22.0.1] AndroidManifest.xml:26:13-43
162            android:exported="false"
162-->[com.google.firebase:firebase-common:22.0.1] AndroidManifest.xml:27:13-37
163            android:initOrder="100" />
163-->[com.google.firebase:firebase-common:22.0.1] AndroidManifest.xml:28:13-36
164
165        <meta-data
165-->[com.google.android.gms:play-services-basement:18.4.0] AndroidManifest.xml:6:9-122
166            android:name="com.google.android.gms.version"
166-->[com.google.android.gms:play-services-basement:18.4.0] AndroidManifest.xml:6:20-65
167            android:value="@integer/google_play_services_version" />
167-->[com.google.android.gms:play-services-basement:18.4.0] AndroidManifest.xml:6:66-119
168
169        <receiver
169-->[androidx.profileinstaller:profileinstaller:1.4.0] AndroidManifest.xml:34:9-52:20
170            android:name="androidx.profileinstaller.ProfileInstallReceiver"
170-->[androidx.profileinstaller:profileinstaller:1.4.0] AndroidManifest.xml:35:13-76
171            android:directBootAware="false"
171-->[androidx.profileinstaller:profileinstaller:1.4.0] AndroidManifest.xml:36:13-44
172            android:enabled="true"
172-->[androidx.profileinstaller:profileinstaller:1.4.0] AndroidManifest.xml:37:13-35
173            android:exported="true"
173-->[androidx.profileinstaller:profileinstaller:1.4.0] AndroidManifest.xml:38:13-36
174            android:permission="android.permission.DUMP" >
174-->[androidx.profileinstaller:profileinstaller:1.4.0] AndroidManifest.xml:39:13-57
175            <intent-filter>
175-->[androidx.profileinstaller:profileinstaller:1.4.0] AndroidManifest.xml:40:13-42:29
176                <action android:name="androidx.profileinstaller.action.INSTALL_PROFILE" />
176-->[androidx.profileinstaller:profileinstaller:1.4.0] AndroidManifest.xml:41:17-91
176-->[androidx.profileinstaller:profileinstaller:1.4.0] AndroidManifest.xml:41:25-88
177            </intent-filter>
178            <intent-filter>
178-->[androidx.profileinstaller:profileinstaller:1.4.0] AndroidManifest.xml:43:13-45:29
179                <action android:name="androidx.profileinstaller.action.SKIP_FILE" />
179-->[androidx.profileinstaller:profileinstaller:1.4.0] AndroidManifest.xml:44:17-85
179-->[androidx.profileinstaller:profileinstaller:1.4.0] AndroidManifest.xml:44:25-82
180            </intent-filter>
181            <intent-filter>
181-->[androidx.profileinstaller:profileinstaller:1.4.0] AndroidManifest.xml:46:13-48:29
182                <action android:name="androidx.profileinstaller.action.SAVE_PROFILE" />
182-->[androidx.profileinstaller:profileinstaller:1.4.0] AndroidManifest.xml:47:17-88
182-->[androidx.profileinstaller:profileinstaller:1.4.0] AndroidManifest.xml:47:25-85
183            </intent-filter>
184            <intent-filter>
184-->[androidx.profileinstaller:profileinstaller:1.4.0] AndroidManifest.xml:49:13-51:29
185                <action android:name="androidx.profileinstaller.action.BENCHMARK_OPERATION" />
185-->[androidx.profileinstaller:profileinstaller:1.4.0] AndroidManifest.xml:50:17-95
185-->[androidx.profileinstaller:profileinstaller:1.4.0] AndroidManifest.xml:50:25-92
186            </intent-filter>
187        </receiver>
188
189        <service
189-->[com.google.android.datatransport:transport-backend-cct:3.1.9] AndroidManifest.xml:28:9-34:19
190            android:name="com.google.android.datatransport.runtime.backends.TransportBackendDiscovery"
190-->[com.google.android.datatransport:transport-backend-cct:3.1.9] AndroidManifest.xml:29:13-103
191            android:exported="false" >
191-->[com.google.android.datatransport:transport-backend-cct:3.1.9] AndroidManifest.xml:30:13-37
192            <meta-data
192-->[com.google.android.datatransport:transport-backend-cct:3.1.9] AndroidManifest.xml:31:13-33:39
193                android:name="backend:com.google.android.datatransport.cct.CctBackendFactory"
193-->[com.google.android.datatransport:transport-backend-cct:3.1.9] AndroidManifest.xml:32:17-94
194                android:value="cct" />
194-->[com.google.android.datatransport:transport-backend-cct:3.1.9] AndroidManifest.xml:33:17-36
195        </service>
196        <service
196-->[com.google.android.datatransport:transport-runtime:3.1.9] AndroidManifest.xml:26:9-30:19
197            android:name="com.google.android.datatransport.runtime.scheduling.jobscheduling.JobInfoSchedulerService"
197-->[com.google.android.datatransport:transport-runtime:3.1.9] AndroidManifest.xml:27:13-117
198            android:exported="false"
198-->[com.google.android.datatransport:transport-runtime:3.1.9] AndroidManifest.xml:28:13-37
199            android:permission="android.permission.BIND_JOB_SERVICE" >
199-->[com.google.android.datatransport:transport-runtime:3.1.9] AndroidManifest.xml:29:13-69
200        </service>
201
202        <receiver
202-->[com.google.android.datatransport:transport-runtime:3.1.9] AndroidManifest.xml:32:9-34:40
203            android:name="com.google.android.datatransport.runtime.scheduling.jobscheduling.AlarmManagerSchedulerBroadcastReceiver"
203-->[com.google.android.datatransport:transport-runtime:3.1.9] AndroidManifest.xml:33:13-132
204            android:exported="false" />
204-->[com.google.android.datatransport:transport-runtime:3.1.9] AndroidManifest.xml:34:13-37
205    </application>
206
207</manifest>